<?xml version="1.0" encoding="UTF-8"?>
<!-- Generated by org.testng.reporters.JUnitReportReporter -->
<testsuite name="CF_Install_Orders.TC_13_Install_CF_with_6Gbits" tests="11" time="590.629" ignored="0" failures="0" timestamp="14 Nov 2017 05:12:07 GMT" skipped="0" hostname="C3DES396" errors="0">
  <testcase name="TC_13_CF_Billing_Account_Assignment" time="8.181" classname="CF_Install_Orders.TC_13_Install_CF_with_6Gbits"/>
  <testcase name="TC_13_CF_Product_Basket_Upload" time="8.154" classname="CF_Install_Orders.TC_13_Install_CF_with_6Gbits"/>
  <testcase name="TC_13_NewLeadCreation" time="23.573" classname="CF_Install_Orders.TC_13_Install_CF_with_6Gbits"/>
  <testcase name="TC_13_verifylogin" time="64.054" classname="CF_Install_Orders.TC_13_Install_CF_with_6Gbits"/>
  <testcase name="TC_13_AddressValidation" time="5.135" classname="CF_Install_Orders.TC_13_Install_CF_with_6Gbits"/>
  <testcase name="TC_13_CF_Validate_Order" time="57.684" classname="CF_Install_Orders.TC_13_Install_CF_with_6Gbits"/>
  <testcase name="TC_13_CF_ProductBasketAddition" time="41.277" classname="CF_Install_Orders.TC_13_Install_CF_with_6Gbits"/>
  <testcase name="TC_13_CF_ProductBasketConfiguration_with_6Gbits" time="25.380" classname="CF_Install_Orders.TC_13_Install_CF_with_6Gbits"/>
  <testcase name="TC_13_CF_Installation_Information_Configuration" time="14.348" classname="CF_Install_Orders.TC_13_Install_CF_with_6Gbits"/>
  <testcase name="TC_13_Opportunityconversion" time="22.233" classname="CF_Install_Orders.TC_13_Install_CF_with_6Gbits"/>
  <testcase name="TC_13_CF_SubOrders_Validation_And_Closure" time="320.610" classname="CF_Install_Orders.TC_13_Install_CF_with_6Gbits"/>
</testsuite> <!-- CF_Install_Orders.TC_13_Install_CF_with_6Gbits -->
