<?xml version="1.0" encoding="UTF-8"?>
<!-- Generated by org.testng.reporters.JUnitReportReporter -->
<testsuite name="CF_Install_Orders.TC_17_Install_CF_with_10Gbits" tests="11" time="585.396" ignored="0" failures="0" timestamp="14 Nov 2017 05:12:07 GMT" skipped="0" hostname="C3DES396" errors="0">
  <testcase name="TC_17_CF_Installation_Information_Configuration" time="14.423" classname="CF_Install_Orders.TC_17_Install_CF_with_10Gbits"/>
  <testcase name="TC_17_NewLeadCreation" time="26.610" classname="CF_Install_Orders.TC_17_Install_CF_with_10Gbits"/>
  <testcase name="TC_17_CF_SubOrders_Validation_And_Closure" time="318.678" classname="CF_Install_Orders.TC_17_Install_CF_with_10Gbits"/>
  <testcase name="TC_17_Opportunityconversion" time="19.679" classname="CF_Install_Orders.TC_17_Install_CF_with_10Gbits"/>
  <testcase name="TC_17_CF_Product_Basket_Upload" time="8.118" classname="CF_Install_Orders.TC_17_Install_CF_with_10Gbits"/>
  <testcase name="TC_17_CF_ProductBasketAddition" time="39.069" classname="CF_Install_Orders.TC_17_Install_CF_with_10Gbits"/>
  <testcase name="TC_17_CF_Validate_Order" time="58.236" classname="CF_Install_Orders.TC_17_Install_CF_with_10Gbits"/>
  <testcase name="TC_17_verifylogin" time="58.973" classname="CF_Install_Orders.TC_17_Install_CF_with_10Gbits"/>
  <testcase name="TC_17_CF_ProductBasketConfiguration_with_10Gbits" time="26.987" classname="CF_Install_Orders.TC_17_Install_CF_with_10Gbits"/>
  <testcase name="TC_17_AddressValidation" time="6.367" classname="CF_Install_Orders.TC_17_Install_CF_with_10Gbits"/>
  <testcase name="TC_17_CF_Billing_Account_Assignment" time="8.256" classname="CF_Install_Orders.TC_17_Install_CF_with_10Gbits"/>
</testsuite> <!-- CF_Install_Orders.TC_17_Install_CF_with_10Gbits -->
