<?xml version="1.0" encoding="UTF-8"?>
<!-- Generated by org.testng.reporters.JUnitReportReporter -->
<testsuite name="OI_Install_Orders.TC_19_Install_OI_with_OI_50" tests="11" time="612.507" ignored="0" failures="0" timestamp="14 Nov 2017 05:12:07 GMT" skipped="0" hostname="C3DES396" errors="0">
  <testcase name="TC_19_NewLeadCreation" time="77.197" classname="OI_Install_Orders.TC_19_Install_OI_with_OI_50"/>
  <testcase name="TC_19_AddressValidation" time="6.454" classname="OI_Install_Orders.TC_19_Install_OI_with_OI_50"/>
  <testcase name="TC_19_OI_ProductBasketAddition" time="47.652" classname="OI_Install_Orders.TC_19_Install_OI_with_OI_50"/>
  <testcase name="TC_19_OI_Product_Basket_Upload" time="8.140" classname="OI_Install_Orders.TC_19_Install_OI_with_OI_50"/>
  <testcase name="TC_19_OI_Billing_Account_Assignment" time="8.080" classname="OI_Install_Orders.TC_19_Install_OI_with_OI_50"/>
  <testcase name="TC_19_verifylogin" time="19.047" classname="OI_Install_Orders.TC_19_Install_OI_with_OI_50"/>
  <testcase name="TC_19_Opportunityconversion" time="23.294" classname="OI_Install_Orders.TC_19_Install_OI_with_OI_50"/>
  <testcase name="TC_19_OI_ProductBasketConfiguration_with_OI50" time="26.516" classname="OI_Install_Orders.TC_19_Install_OI_with_OI_50"/>
  <testcase name="TC_19_OI_Installation_Information_Configuration" time="14.237" classname="OI_Install_Orders.TC_19_Install_OI_with_OI_50"/>
  <testcase name="TC_19_OI_Validate_Order" time="57.945" classname="OI_Install_Orders.TC_19_Install_OI_with_OI_50"/>
  <testcase name="TC_19_OI_SubOrders_Validation_And_Closure" time="323.945" classname="OI_Install_Orders.TC_19_Install_OI_with_OI_50"/>
</testsuite> <!-- OI_Install_Orders.TC_19_Install_OI_with_OI_50 -->
