<?xml version="1.0" encoding="UTF-8"?>
<!-- Generated by org.testng.reporters.JUnitReportReporter -->
<testsuite name="CF_Install_Orders.TC_07_Install_CF_with_1Gbits" tests="11" time="585.463" ignored="0" failures="0" timestamp="14 Nov 2017 05:12:07 GMT" skipped="0" hostname="C3DES396" errors="0">
  <testcase name="TC_07_CF_ProductBasketAddition" time="42.056" classname="CF_Install_Orders.TC_07_Install_CF_with_1Gbits"/>
  <testcase name="TC_07_AddressValidation" time="5.542" classname="CF_Install_Orders.TC_07_Install_CF_with_1Gbits"/>
  <testcase name="TC_07_NewLeadCreation" time="22.099" classname="CF_Install_Orders.TC_07_Install_CF_with_1Gbits"/>
  <testcase name="TC_07_CF_Billing_Account_Assignment" time="8.108" classname="CF_Install_Orders.TC_07_Install_CF_with_1Gbits"/>
  <testcase name="TC_07_verifylogin" time="62.054" classname="CF_Install_Orders.TC_07_Install_CF_with_1Gbits"/>
  <testcase name="TC_07_CF_Installation_Information_Configuration" time="14.361" classname="CF_Install_Orders.TC_07_Install_CF_with_1Gbits"/>
  <testcase name="TC_07_CF_Product_Basket_Upload" time="8.140" classname="CF_Install_Orders.TC_07_Install_CF_with_1Gbits"/>
  <testcase name="TC_07_CF_Validate_Order" time="57.331" classname="CF_Install_Orders.TC_07_Install_CF_with_1Gbits"/>
  <testcase name="TC_07_Opportunityconversion" time="18.512" classname="CF_Install_Orders.TC_07_Install_CF_with_1Gbits"/>
  <testcase name="TC_07_CF_ProductBasketConfiguration_with_1Gbits" time="24.978" classname="CF_Install_Orders.TC_07_Install_CF_with_1Gbits"/>
  <testcase name="TC_07_CF_SubOrders_Validation_And_Closure" time="322.282" classname="CF_Install_Orders.TC_07_Install_CF_with_1Gbits"/>
</testsuite> <!-- CF_Install_Orders.TC_07_Install_CF_with_1Gbits -->
