<?xml version="1.0" encoding="UTF-8"?>
<!-- Generated by org.testng.reporters.JUnitReportReporter -->
<testsuite name="CF_Install_Orders.TC_09_Install_CF_with_2_5Gbits" tests="11" time="586.076" ignored="0" failures="0" timestamp="14 Nov 2017 05:12:07 GMT" skipped="0" hostname="C3DES396" errors="0">
  <testcase name="TC_09_CF_ProductBasketConfiguration_with_2_5Gbits" time="26.871" classname="CF_Install_Orders.TC_09_Install_CF_with_2_5Gbits"/>
  <testcase name="TC_09_NewLeadCreation" time="23.790" classname="CF_Install_Orders.TC_09_Install_CF_with_2_5Gbits"/>
  <testcase name="TC_09_verifylogin" time="59.509" classname="CF_Install_Orders.TC_09_Install_CF_with_2_5Gbits"/>
  <testcase name="TC_09_AddressValidation" time="4.776" classname="CF_Install_Orders.TC_09_Install_CF_with_2_5Gbits"/>
  <testcase name="TC_09_Opportunityconversion" time="18.863" classname="CF_Install_Orders.TC_09_Install_CF_with_2_5Gbits"/>
  <testcase name="TC_09_CF_Product_Basket_Upload" time="8.120" classname="CF_Install_Orders.TC_09_Install_CF_with_2_5Gbits"/>
  <testcase name="TC_09_CF_Installation_Information_Configuration" time="14.411" classname="CF_Install_Orders.TC_09_Install_CF_with_2_5Gbits"/>
  <testcase name="TC_09_CF_SubOrders_Validation_And_Closure" time="320.772" classname="CF_Install_Orders.TC_09_Install_CF_with_2_5Gbits"/>
  <testcase name="TC_09_CF_Validate_Order" time="57.817" classname="CF_Install_Orders.TC_09_Install_CF_with_2_5Gbits"/>
  <testcase name="TC_09_CF_ProductBasketAddition" time="42.915" classname="CF_Install_Orders.TC_09_Install_CF_with_2_5Gbits"/>
  <testcase name="TC_09_CF_Billing_Account_Assignment" time="8.232" classname="CF_Install_Orders.TC_09_Install_CF_with_2_5Gbits"/>
</testsuite> <!-- CF_Install_Orders.TC_09_Install_CF_with_2_5Gbits -->
