<?xml version="1.0" encoding="UTF-8"?>
<!-- Generated by org.testng.reporters.JUnitReportReporter -->
<testsuite name="CF_Install_Orders.TC_11_Install_CF_with_4Gbits" tests="11" time="581.629" ignored="0" failures="0" timestamp="14 Nov 2017 05:12:07 GMT" skipped="0" hostname="C3DES396" errors="0">
  <testcase name="TC_11_verifylogin" time="60.941" classname="CF_Install_Orders.TC_11_Install_CF_with_4Gbits"/>
  <testcase name="TC_11_NewLeadCreation" time="23.853" classname="CF_Install_Orders.TC_11_Install_CF_with_4Gbits"/>
  <testcase name="TC_11_CF_ProductBasketAddition" time="39.769" classname="CF_Install_Orders.TC_11_Install_CF_with_4Gbits"/>
  <testcase name="TC_11_Opportunityconversion" time="15.042" classname="CF_Install_Orders.TC_11_Install_CF_with_4Gbits"/>
  <testcase name="TC_11_CF_Billing_Account_Assignment" time="8.187" classname="CF_Install_Orders.TC_11_Install_CF_with_4Gbits"/>
  <testcase name="TC_11_CF_SubOrders_Validation_And_Closure" time="318.683" classname="CF_Install_Orders.TC_11_Install_CF_with_4Gbits"/>
  <testcase name="TC_11_CF_Installation_Information_Configuration" time="14.552" classname="CF_Install_Orders.TC_11_Install_CF_with_4Gbits"/>
  <testcase name="TC_11_AddressValidation" time="6.591" classname="CF_Install_Orders.TC_11_Install_CF_with_4Gbits"/>
  <testcase name="TC_11_CF_Product_Basket_Upload" time="8.125" classname="CF_Install_Orders.TC_11_Install_CF_with_4Gbits"/>
  <testcase name="TC_11_CF_Validate_Order" time="58.600" classname="CF_Install_Orders.TC_11_Install_CF_with_4Gbits"/>
  <testcase name="TC_11_CF_ProductBasketConfiguration_with_4Gbits" time="27.286" classname="CF_Install_Orders.TC_11_Install_CF_with_4Gbits"/>
</testsuite> <!-- CF_Install_Orders.TC_11_Install_CF_with_4Gbits -->
