<?xml version="1.0" encoding="UTF-8"?>
<!-- Generated by org.testng.reporters.JUnitReportReporter -->
<testsuite name="CF_Install_Orders.TC_02_Install_CF_with_100Mbits" tests="11" time="599.318" ignored="0" failures="0" timestamp="14 Nov 2017 05:12:07 GMT" skipped="0" hostname="C3DES396" errors="0">
  <testcase name="TC_02_CF_Billing_Account_Assignment" time="8.409" classname="CF_Install_Orders.TC_02_Install_CF_with_100Mbits"/>
  <testcase name="TC_02_CF_Installation_Information_Configuration" time="14.716" classname="CF_Install_Orders.TC_02_Install_CF_with_100Mbits"/>
  <testcase name="TC_02_CF_Product_Basket_Upload" time="8.124" classname="CF_Install_Orders.TC_02_Install_CF_with_100Mbits"/>
  <testcase name="TC_02_NewLeadCreation" time="24.706" classname="CF_Install_Orders.TC_02_Install_CF_with_100Mbits"/>
  <testcase name="TC_02_CF_SubOrders_Validation_And_Closure" time="320.794" classname="CF_Install_Orders.TC_02_Install_CF_with_100Mbits"/>
  <testcase name="TC_02_verifylogin" time="63.838" classname="CF_Install_Orders.TC_02_Install_CF_with_100Mbits"/>
  <testcase name="TC_02_CF_ProductBasketAddition" time="41.943" classname="CF_Install_Orders.TC_02_Install_CF_with_100Mbits"/>
  <testcase name="TC_02_CF_Validate_Order" time="58.428" classname="CF_Install_Orders.TC_02_Install_CF_with_100Mbits"/>
  <testcase name="TC_02_AddressValidation" time="6.152" classname="CF_Install_Orders.TC_02_Install_CF_with_100Mbits"/>
  <testcase name="TC_02_Opportunityconversion" time="21.432" classname="CF_Install_Orders.TC_02_Install_CF_with_100Mbits"/>
  <testcase name="TC_02_CF_ProductBasketConfiguration_with_100Mbits" time="30.776" classname="CF_Install_Orders.TC_02_Install_CF_with_100Mbits"/>
</testsuite> <!-- CF_Install_Orders.TC_02_Install_CF_with_100Mbits -->
