<?xml version="1.0" encoding="UTF-8"?>
<!-- Generated by org.testng.reporters.JUnitReportReporter -->
<testsuite name="CF_Install_Orders.TC_15_Install_CF_with_8Gbits" tests="11" time="585.676" ignored="0" failures="0" timestamp="14 Nov 2017 05:12:07 GMT" skipped="0" hostname="C3DES396" errors="0">
  <testcase name="TC_15_CF_Product_Basket_Upload" time="8.170" classname="CF_Install_Orders.TC_15_Install_CF_with_8Gbits"/>
  <testcase name="TC_15_NewLeadCreation" time="21.095" classname="CF_Install_Orders.TC_15_Install_CF_with_8Gbits"/>
  <testcase name="TC_15_CF_Validate_Order" time="57.111" classname="CF_Install_Orders.TC_15_Install_CF_with_8Gbits"/>
  <testcase name="TC_15_CF_Billing_Account_Assignment" time="8.093" classname="CF_Install_Orders.TC_15_Install_CF_with_8Gbits"/>
  <testcase name="TC_15_AddressValidation" time="5.429" classname="CF_Install_Orders.TC_15_Install_CF_with_8Gbits"/>
  <testcase name="TC_15_Opportunityconversion" time="23.006" classname="CF_Install_Orders.TC_15_Install_CF_with_8Gbits"/>
  <testcase name="TC_15_verifylogin" time="59.404" classname="CF_Install_Orders.TC_15_Install_CF_with_8Gbits"/>
  <testcase name="TC_15_CF_ProductBasketAddition" time="40.226" classname="CF_Install_Orders.TC_15_Install_CF_with_8Gbits"/>
  <testcase name="TC_15_CF_ProductBasketConfiguration_with_8Gbits" time="27.383" classname="CF_Install_Orders.TC_15_Install_CF_with_8Gbits"/>
  <testcase name="TC_15_CF_SubOrders_Validation_And_Closure" time="321.450" classname="CF_Install_Orders.TC_15_Install_CF_with_8Gbits"/>
  <testcase name="TC_15_CF_Installation_Information_Configuration" time="14.309" classname="CF_Install_Orders.TC_15_Install_CF_with_8Gbits"/>
</testsuite> <!-- CF_Install_Orders.TC_15_Install_CF_with_8Gbits -->
