<?xml version="1.0" encoding="UTF-8"?>
<!-- Generated by org.testng.reporters.JUnitReportReporter -->
<testsuite name="CF_Install_Orders.TC_16_Install_CF_with_9Gbits" tests="11" time="583.762" ignored="0" failures="0" timestamp="14 Nov 2017 05:12:07 GMT" skipped="0" hostname="C3DES396" errors="0">
  <testcase name="TC_16_NewLeadCreation" time="22.100" classname="CF_Install_Orders.TC_16_Install_CF_with_9Gbits"/>
  <testcase name="TC_16_CF_Validate_Order" time="57.772" classname="CF_Install_Orders.TC_16_Install_CF_with_9Gbits"/>
  <testcase name="TC_16_verifylogin" time="59.227" classname="CF_Install_Orders.TC_16_Install_CF_with_9Gbits"/>
  <testcase name="TC_16_CF_ProductBasketConfiguration_with_9Gbits" time="27.509" classname="CF_Install_Orders.TC_16_Install_CF_with_9Gbits"/>
  <testcase name="TC_16_CF_Product_Basket_Upload" time="8.111" classname="CF_Install_Orders.TC_16_Install_CF_with_9Gbits"/>
  <testcase name="TC_16_Opportunityconversion" time="20.066" classname="CF_Install_Orders.TC_16_Install_CF_with_9Gbits"/>
  <testcase name="TC_16_AddressValidation" time="4.842" classname="CF_Install_Orders.TC_16_Install_CF_with_9Gbits"/>
  <testcase name="TC_16_CF_SubOrders_Validation_And_Closure" time="322.031" classname="CF_Install_Orders.TC_16_Install_CF_with_9Gbits"/>
  <testcase name="TC_16_CF_Billing_Account_Assignment" time="8.073" classname="CF_Install_Orders.TC_16_Install_CF_with_9Gbits"/>
  <testcase name="TC_16_CF_ProductBasketAddition" time="39.746" classname="CF_Install_Orders.TC_16_Install_CF_with_9Gbits"/>
  <testcase name="TC_16_CF_Installation_Information_Configuration" time="14.285" classname="CF_Install_Orders.TC_16_Install_CF_with_9Gbits"/>
</testsuite> <!-- CF_Install_Orders.TC_16_Install_CF_with_9Gbits -->
