<?xml version="1.0" encoding="UTF-8"?>
<!-- Generated by org.testng.reporters.JUnitReportReporter -->
<testsuite name="CI_Install_Orders.TestExecutionDriver" tests="4" time="1249.812" ignored="0" failures="0" timestamp="15 Nov 2017 13:43:55 GMT" skipped="0" hostname="C3DES396" errors="0">
  <testcase name="TestCaseLogin" time="63.576" classname="CI_Install_Orders.TestExecutionDriver"/>
  <testcase name="TestCaseExecution" time="563.223" classname="CI_Install_Orders.TestExecutionDriver"/>
  <testcase name="TestCaseLogin" time="63.525" classname="CI_Install_Orders.TestExecutionDriver"/>
  <testcase name="TestCaseExecution" time="559.488" classname="CI_Install_Orders.TestExecutionDriver"/>
</testsuite> <!-- CI_Install_Orders.TestExecutionDriver -->
