<?xml version="1.0" encoding="UTF-8"?>
<!-- Generated by org.testng.reporters.JUnitReportReporter -->
<testsuite name="CF_Install_Orders.TC_05_Install_CF_with_500Mbits" tests="11" time="592.974" ignored="0" failures="0" timestamp="14 Nov 2017 05:12:07 GMT" skipped="0" hostname="C3DES396" errors="0">
  <testcase name="TC_05_CF_Billing_Account_Assignment" time="8.096" classname="CF_Install_Orders.TC_05_Install_CF_with_500Mbits"/>
  <testcase name="TC_05_verifylogin" time="63.289" classname="CF_Install_Orders.TC_05_Install_CF_with_500Mbits"/>
  <testcase name="TC_05_CF_ProductBasketAddition" time="42.679" classname="CF_Install_Orders.TC_05_Install_CF_with_500Mbits"/>
  <testcase name="TC_05_CF_Product_Basket_Upload" time="8.141" classname="CF_Install_Orders.TC_05_Install_CF_with_500Mbits"/>
  <testcase name="TC_05_CF_Validate_Order" time="57.895" classname="CF_Install_Orders.TC_05_Install_CF_with_500Mbits"/>
  <testcase name="TC_05_CF_SubOrders_Validation_And_Closure" time="317.242" classname="CF_Install_Orders.TC_05_Install_CF_with_500Mbits"/>
  <testcase name="TC_05_Opportunityconversion" time="19.534" classname="CF_Install_Orders.TC_05_Install_CF_with_500Mbits"/>
  <testcase name="TC_05_NewLeadCreation" time="26.754" classname="CF_Install_Orders.TC_05_Install_CF_with_500Mbits"/>
  <testcase name="TC_05_AddressValidation" time="6.002" classname="CF_Install_Orders.TC_05_Install_CF_with_500Mbits"/>
  <testcase name="TC_05_CF_Installation_Information_Configuration" time="14.468" classname="CF_Install_Orders.TC_05_Install_CF_with_500Mbits"/>
  <testcase name="TC_05_CF_ProductBasketConfiguration_with_500Mbits" time="28.874" classname="CF_Install_Orders.TC_05_Install_CF_with_500Mbits"/>
</testsuite> <!-- CF_Install_Orders.TC_05_Install_CF_with_500Mbits -->
