<?xml version="1.0" encoding="UTF-8"?>
<!-- Generated by org.testng.reporters.JUnitReportReporter -->
<testsuite name="OI_Install_Orders.TC_22_Install_OI_with_OI_400" tests="11" time="609.892" ignored="0" failures="0" timestamp="14 Nov 2017 05:12:07 GMT" skipped="0" hostname="C3DES396" errors="0">
  <testcase name="TC_22_verifylogin" time="59.025" classname="OI_Install_Orders.TC_22_Install_OI_with_OI_400"/>
  <testcase name="TC_22_OI_Validate_Order" time="59.387" classname="OI_Install_Orders.TC_22_Install_OI_with_OI_400"/>
  <testcase name="TC_22_NewLeadCreation" time="29.782" classname="OI_Install_Orders.TC_22_Install_OI_with_OI_400"/>
  <testcase name="TC_22_Opportunityconversion" time="18.959" classname="OI_Install_Orders.TC_22_Install_OI_with_OI_400"/>
  <testcase name="TC_22_OI_ProductBasketConfiguration_with_OI400" time="36.452" classname="OI_Install_Orders.TC_22_Install_OI_with_OI_400"/>
  <testcase name="TC_22_OI_Billing_Account_Assignment" time="8.727" classname="OI_Install_Orders.TC_22_Install_OI_with_OI_400"/>
  <testcase name="TC_22_AddressValidation" time="7.112" classname="OI_Install_Orders.TC_22_Install_OI_with_OI_400"/>
  <testcase name="TC_22_OI_Product_Basket_Upload" time="8.124" classname="OI_Install_Orders.TC_22_Install_OI_with_OI_400"/>
  <testcase name="TC_22_OI_SubOrders_Validation_And_Closure" time="326.234" classname="OI_Install_Orders.TC_22_Install_OI_with_OI_400"/>
  <testcase name="TC_22_OI_ProductBasketAddition" time="41.613" classname="OI_Install_Orders.TC_22_Install_OI_with_OI_400"/>
  <testcase name="TC_22_OI_Installation_Information_Configuration" time="14.477" classname="OI_Install_Orders.TC_22_Install_OI_with_OI_400"/>
</testsuite> <!-- OI_Install_Orders.TC_22_Install_OI_with_OI_400 -->
