<?xml version="1.0" encoding="UTF-8"?>
<!-- Generated by org.testng.reporters.JUnitReportReporter -->
<testsuite name="CF_Install_Orders.TC_06_Install_CF_with_750Mbits" tests="11" time="592.753" ignored="0" failures="0" timestamp="14 Nov 2017 05:12:07 GMT" skipped="0" hostname="C3DES396" errors="0">
  <testcase name="TC_06_AddressValidation" time="13.020" classname="CF_Install_Orders.TC_06_Install_CF_with_750Mbits"/>
  <testcase name="TC_06_Opportunityconversion" time="20.288" classname="CF_Install_Orders.TC_06_Install_CF_with_750Mbits"/>
  <testcase name="TC_06_CF_Product_Basket_Upload" time="8.126" classname="CF_Install_Orders.TC_06_Install_CF_with_750Mbits"/>
  <testcase name="TC_06_CF_Installation_Information_Configuration" time="14.453" classname="CF_Install_Orders.TC_06_Install_CF_with_750Mbits"/>
  <testcase name="TC_06_CF_Validate_Order" time="57.560" classname="CF_Install_Orders.TC_06_Install_CF_with_750Mbits"/>
  <testcase name="TC_06_NewLeadCreation" time="20.730" classname="CF_Install_Orders.TC_06_Install_CF_with_750Mbits"/>
  <testcase name="TC_06_CF_ProductBasketConfiguration_with_750Mbits" time="30.124" classname="CF_Install_Orders.TC_06_Install_CF_with_750Mbits"/>
  <testcase name="TC_06_CF_SubOrders_Validation_And_Closure" time="316.570" classname="CF_Install_Orders.TC_06_Install_CF_with_750Mbits"/>
  <testcase name="TC_06_CF_ProductBasketAddition" time="40.081" classname="CF_Install_Orders.TC_06_Install_CF_with_750Mbits"/>
  <testcase name="TC_06_CF_Billing_Account_Assignment" time="8.377" classname="CF_Install_Orders.TC_06_Install_CF_with_750Mbits"/>
  <testcase name="TC_06_verifylogin" time="63.424" classname="CF_Install_Orders.TC_06_Install_CF_with_750Mbits"/>
</testsuite> <!-- CF_Install_Orders.TC_06_Install_CF_with_750Mbits -->
