<?xml version="1.0" encoding="UTF-8"?>
<!-- Generated by org.testng.reporters.JUnitReportReporter -->
<testsuite name="OI_And_Phone_Install_Orders.TC_25_Install_OI_with_P_200" tests="11" time="646.145" ignored="0" failures="0" timestamp="14 Nov 2017 05:12:07 GMT" skipped="0" hostname="C3DES396" errors="0">
  <testcase name="TC_25_NewLeadCreation" time="84.155" classname="OI_And_Phone_Install_Orders.TC_25_Install_OI_with_P_200"/>
  <testcase name="TC_25_OI_Phone_Product_Basket_Upload" time="8.117" classname="OI_And_Phone_Install_Orders.TC_25_Install_OI_with_P_200"/>
  <testcase name="TC_25_OI_Phone_ProductBasketAddition" time="40.487" classname="OI_And_Phone_Install_Orders.TC_25_Install_OI_with_P_200"/>
  <testcase name="TC_25_OI_Phone_Billing_Account_Assignment" time="8.291" classname="OI_And_Phone_Install_Orders.TC_25_Install_OI_with_P_200"/>
  <testcase name="TC_25_verifylogin" time="20.258" classname="OI_And_Phone_Install_Orders.TC_25_Install_OI_with_P_200"/>
  <testcase name="TC_25_OI_Phone_ProductBasketConfiguration_with_OI50" time="60.088" classname="OI_And_Phone_Install_Orders.TC_25_Install_OI_with_P_200"/>
  <testcase name="TC_25_Opportunityconversion" time="18.080" classname="OI_And_Phone_Install_Orders.TC_25_Install_OI_with_P_200"/>
  <testcase name="TC_25_OI_Phone_Installation_Information_Configuration" time="14.403" classname="OI_And_Phone_Install_Orders.TC_25_Install_OI_with_P_200"/>
  <testcase name="TC_25_OI_Phone_SubOrders_Validation_And_Closure" time="327.637" classname="OI_And_Phone_Install_Orders.TC_25_Install_OI_with_P_200"/>
  <testcase name="TC_25_AddressValidation" time="5.067" classname="OI_And_Phone_Install_Orders.TC_25_Install_OI_with_P_200"/>
  <testcase name="TC_25_OI_Phone_Validate_Order" time="59.562" classname="OI_And_Phone_Install_Orders.TC_25_Install_OI_with_P_200"/>
</testsuite> <!-- OI_And_Phone_Install_Orders.TC_25_Install_OI_with_P_200 -->
