<?xml version="1.0" encoding="UTF-8"?>
<!-- Generated by org.testng.reporters.JUnitReportReporter -->
<testsuite name="CI_Install_Orders.TC_27_CI_Install_Orders3" tests="4" time="39.216" ignored="0" failures="0" timestamp="14 Nov 2017 13:28:03 GMT" skipped="0" hostname="C3DES396" errors="0">
  <testcase name="TestCaseExecution" time="0.050" classname="CI_Install_Orders.TC_27_CI_Install_Orders3"/>
  <testcase name="TestCaseExecution" time="0.040" classname="CI_Install_Orders.TC_27_CI_Install_Orders3"/>
  <testcase name="TestCaseLogin" time="19.558" classname="CI_Install_Orders.TC_27_CI_Install_Orders3"/>
  <testcase name="TestCaseLogin" time="19.568" classname="CI_Install_Orders.TC_27_CI_Install_Orders3"/>
</testsuite> <!-- CI_Install_Orders.TC_27_CI_Install_Orders3 -->
