<?xml version="1.0" encoding="UTF-8"?>
<!-- Generated by org.testng.reporters.JUnitReportReporter -->
<testsuite name="OI_Install_Orders.TC_20_Install_OI_with_OI_150" tests="11" time="601.862" ignored="0" failures="0" timestamp="14 Nov 2017 05:12:07 GMT" skipped="0" hostname="C3DES396" errors="0">
  <testcase name="TC_20_NewLeadCreation" time="20.723" classname="OI_Install_Orders.TC_20_Install_OI_with_OI_150"/>
  <testcase name="TC_20_OI_Product_Basket_Upload" time="8.108" classname="OI_Install_Orders.TC_20_Install_OI_with_OI_150"/>
  <testcase name="TC_20_OI_Billing_Account_Assignment" time="8.123" classname="OI_Install_Orders.TC_20_Install_OI_with_OI_150"/>
  <testcase name="TC_20_Opportunityconversion" time="19.735" classname="OI_Install_Orders.TC_20_Install_OI_with_OI_150"/>
  <testcase name="TC_20_OI_Validate_Order" time="57.696" classname="OI_Install_Orders.TC_20_Install_OI_with_OI_150"/>
  <testcase name="TC_20_AddressValidation" time="14.324" classname="OI_Install_Orders.TC_20_Install_OI_with_OI_150"/>
  <testcase name="TC_20_OI_Installation_Information_Configuration" time="14.597" classname="OI_Install_Orders.TC_20_Install_OI_with_OI_150"/>
  <testcase name="TC_20_OI_ProductBasketAddition" time="41.133" classname="OI_Install_Orders.TC_20_Install_OI_with_OI_150"/>
  <testcase name="TC_20_OI_ProductBasketConfiguration_with_OI150" time="31.576" classname="OI_Install_Orders.TC_20_Install_OI_with_OI_150"/>
  <testcase name="TC_20_verifylogin" time="62.367" classname="OI_Install_Orders.TC_20_Install_OI_with_OI_150"/>
  <testcase name="TC_20_OI_SubOrders_Validation_And_Closure" time="323.480" classname="OI_Install_Orders.TC_20_Install_OI_with_OI_150"/>
</testsuite> <!-- OI_Install_Orders.TC_20_Install_OI_with_OI_150 -->
