<?xml version="1.0" encoding="UTF-8"?>
<!-- Generated by org.testng.reporters.JUnitReportReporter -->
<testsuite name="CF_Install_Orders.TC_12_Install_CF_with_5Gbits" tests="11" time="585.108" ignored="0" failures="0" timestamp="14 Nov 2017 05:12:07 GMT" skipped="0" hostname="C3DES396" errors="0">
  <testcase name="TC_12_Opportunityconversion" time="17.204" classname="CF_Install_Orders.TC_12_Install_CF_with_5Gbits"/>
  <testcase name="TC_12_CF_ProductBasketAddition" time="44.072" classname="CF_Install_Orders.TC_12_Install_CF_with_5Gbits"/>
  <testcase name="TC_12_CF_SubOrders_Validation_And_Closure" time="318.897" classname="CF_Install_Orders.TC_12_Install_CF_with_5Gbits"/>
  <testcase name="TC_12_CF_ProductBasketConfiguration_with_5Gbits" time="26.406" classname="CF_Install_Orders.TC_12_Install_CF_with_5Gbits"/>
  <testcase name="TC_12_CF_Installation_Information_Configuration" time="14.468" classname="CF_Install_Orders.TC_12_Install_CF_with_5Gbits"/>
  <testcase name="TC_12_verifylogin" time="59.822" classname="CF_Install_Orders.TC_12_Install_CF_with_5Gbits"/>
  <testcase name="TC_12_NewLeadCreation" time="23.892" classname="CF_Install_Orders.TC_12_Install_CF_with_5Gbits"/>
  <testcase name="TC_12_CF_Billing_Account_Assignment" time="7.879" classname="CF_Install_Orders.TC_12_Install_CF_with_5Gbits"/>
  <testcase name="TC_12_CF_Validate_Order" time="57.957" classname="CF_Install_Orders.TC_12_Install_CF_with_5Gbits"/>
  <testcase name="TC_12_CF_Product_Basket_Upload" time="8.127" classname="CF_Install_Orders.TC_12_Install_CF_with_5Gbits"/>
  <testcase name="TC_12_AddressValidation" time="6.384" classname="CF_Install_Orders.TC_12_Install_CF_with_5Gbits"/>
</testsuite> <!-- CF_Install_Orders.TC_12_Install_CF_with_5Gbits -->
