<?xml version="1.0" encoding="UTF-8"?>
<!-- Generated by org.testng.reporters.JUnitReportReporter -->
<testsuite name="CF_Install_Orders.TC_10_Install_CF_with_3Gbits" tests="11" time="586.719" ignored="0" failures="0" timestamp="14 Nov 2017 05:12:07 GMT" skipped="0" hostname="C3DES396" errors="0">
  <testcase name="TC_10_Opportunityconversion" time="17.922" classname="CF_Install_Orders.TC_10_Install_CF_with_3Gbits"/>
  <testcase name="TC_10_CF_Installation_Information_Configuration" time="14.387" classname="CF_Install_Orders.TC_10_Install_CF_with_3Gbits"/>
  <testcase name="TC_10_CF_Billing_Account_Assignment" time="8.103" classname="CF_Install_Orders.TC_10_Install_CF_with_3Gbits"/>
  <testcase name="TC_10_AddressValidation" time="6.585" classname="CF_Install_Orders.TC_10_Install_CF_with_3Gbits"/>
  <testcase name="TC_10_verifylogin" time="60.903" classname="CF_Install_Orders.TC_10_Install_CF_with_3Gbits"/>
  <testcase name="TC_10_NewLeadCreation" time="24.305" classname="CF_Install_Orders.TC_10_Install_CF_with_3Gbits"/>
  <testcase name="TC_10_CF_Product_Basket_Upload" time="8.138" classname="CF_Install_Orders.TC_10_Install_CF_with_3Gbits"/>
  <testcase name="TC_10_CF_SubOrders_Validation_And_Closure" time="319.815" classname="CF_Install_Orders.TC_10_Install_CF_with_3Gbits"/>
  <testcase name="TC_10_CF_Validate_Order" time="57.367" classname="CF_Install_Orders.TC_10_Install_CF_with_3Gbits"/>
  <testcase name="TC_10_CF_ProductBasketAddition" time="40.847" classname="CF_Install_Orders.TC_10_Install_CF_with_3Gbits"/>
  <testcase name="TC_10_CF_ProductBasketConfiguration_with_3Gbits" time="28.347" classname="CF_Install_Orders.TC_10_Install_CF_with_3Gbits"/>
</testsuite> <!-- CF_Install_Orders.TC_10_Install_CF_with_3Gbits -->
