<?xml version="1.0" encoding="UTF-8"?>
<!-- Generated by org.testng.reporters.JUnitReportReporter -->
<testsuite name="com.test.automation.OM_Automation.E2E_orders.SC_01_CF_product" tests="6" time="120.919" ignored="0" failures="0" timestamp="05 Oct 2017 05:39:02 GMT" skipped="0" hostname="C4DES048" errors="0">
  <testcase name="verifylogin" time="4.109" classname="com.test.automation.OM_Automation.E2E_orders.SC_01_CF_product"/>
  <testcase name="NewLeadCreation" time="35.582" classname="com.test.automation.OM_Automation.E2E_orders.SC_01_CF_product"/>
  <testcase name="Opportunityconversion" time="17.057" classname="com.test.automation.OM_Automation.E2E_orders.SC_01_CF_product"/>
  <testcase name="CF_ProductBasketConfiguration" time="26.630" classname="com.test.automation.OM_Automation.E2E_orders.SC_01_CF_product"/>
  <testcase name="AddressValidation" time="5.047" classname="com.test.automation.OM_Automation.E2E_orders.SC_01_CF_product"/>
  <testcase name="CF_ProductBasketAddition" time="32.494" classname="com.test.automation.OM_Automation.E2E_orders.SC_01_CF_product"/>
</testsuite> <!-- com.test.automation.OM_Automation.E2E_orders.SC_01_CF_product -->
