<?xml version="1.0" encoding="UTF-8"?>
<!-- Generated by org.testng.reporters.JUnitReportReporter -->
<testsuite name="CF_Install_Orders.TC_03_Install_CF_with_200Mbits" tests="11" time="595.848" ignored="0" failures="0" timestamp="14 Nov 2017 05:12:07 GMT" skipped="0" hostname="C3DES396" errors="0">
  <testcase name="TC_03_CF_Installation_Information_Configuration" time="14.600" classname="CF_Install_Orders.TC_03_Install_CF_with_200Mbits"/>
  <testcase name="TC_03_CF_Product_Basket_Upload" time="8.111" classname="CF_Install_Orders.TC_03_Install_CF_with_200Mbits"/>
  <testcase name="TC_03_CF_SubOrders_Validation_And_Closure" time="319.568" classname="CF_Install_Orders.TC_03_Install_CF_with_200Mbits"/>
  <testcase name="TC_03_CF_ProductBasketConfiguration_with_200Mbits" time="30.635" classname="CF_Install_Orders.TC_03_Install_CF_with_200Mbits"/>
  <testcase name="TC_03_CF_Billing_Account_Assignment" time="8.353" classname="CF_Install_Orders.TC_03_Install_CF_with_200Mbits"/>
  <testcase name="TC_03_NewLeadCreation" time="25.355" classname="CF_Install_Orders.TC_03_Install_CF_with_200Mbits"/>
  <testcase name="TC_03_Opportunityconversion" time="19.717" classname="CF_Install_Orders.TC_03_Install_CF_with_200Mbits"/>
  <testcase name="TC_03_verifylogin" time="65.068" classname="CF_Install_Orders.TC_03_Install_CF_with_200Mbits"/>
  <testcase name="TC_03_CF_Validate_Order" time="57.706" classname="CF_Install_Orders.TC_03_Install_CF_with_200Mbits"/>
  <testcase name="TC_03_AddressValidation" time="5.729" classname="CF_Install_Orders.TC_03_Install_CF_with_200Mbits"/>
  <testcase name="TC_03_CF_ProductBasketAddition" time="41.006" classname="CF_Install_Orders.TC_03_Install_CF_with_200Mbits"/>
</testsuite> <!-- CF_Install_Orders.TC_03_Install_CF_with_200Mbits -->
