<?xml version="1.0" encoding="UTF-8"?>
<!-- Generated by org.testng.reporters.JUnitReportReporter -->
<testsuite name="OI_Install_Orders.TC_21_Install_OI_with_OI_200" tests="11" time="607.984" ignored="0" failures="0" timestamp="14 Nov 2017 05:12:07 GMT" skipped="0" hostname="C3DES396" errors="0">
  <testcase name="TC_21_OI_Installation_Information_Configuration" time="14.188" classname="OI_Install_Orders.TC_21_Install_OI_with_OI_200"/>
  <testcase name="TC_21_OI_SubOrders_Validation_And_Closure" time="324.662" classname="OI_Install_Orders.TC_21_Install_OI_with_OI_200"/>
  <testcase name="TC_21_OI_ProductBasketConfiguration_with_OI200" time="38.254" classname="OI_Install_Orders.TC_21_Install_OI_with_OI_200"/>
  <testcase name="TC_21_OI_Validate_Order" time="57.852" classname="OI_Install_Orders.TC_21_Install_OI_with_OI_200"/>
  <testcase name="TC_21_Opportunityconversion" time="18.731" classname="OI_Install_Orders.TC_21_Install_OI_with_OI_200"/>
  <testcase name="TC_21_OI_Billing_Account_Assignment" time="8.094" classname="OI_Install_Orders.TC_21_Install_OI_with_OI_200"/>
  <testcase name="TC_21_verifylogin" time="59.381" classname="OI_Install_Orders.TC_21_Install_OI_with_OI_200"/>
  <testcase name="TC_21_OI_Product_Basket_Upload" time="8.161" classname="OI_Install_Orders.TC_21_Install_OI_with_OI_200"/>
  <testcase name="TC_21_AddressValidation" time="8.134" classname="OI_Install_Orders.TC_21_Install_OI_with_OI_200"/>
  <testcase name="TC_21_NewLeadCreation" time="28.721" classname="OI_Install_Orders.TC_21_Install_OI_with_OI_200"/>
  <testcase name="TC_21_OI_ProductBasketAddition" time="41.806" classname="OI_Install_Orders.TC_21_Install_OI_with_OI_200"/>
</testsuite> <!-- OI_Install_Orders.TC_21_Install_OI_with_OI_200 -->
