<?xml version="1.0" encoding="UTF-8"?>
<!-- Generated by org.testng.reporters.JUnitReportReporter -->
<testsuite name="CF_Install_Orders.TC_08_Install_CF_with_2Gbits" tests="11" time="592.604" ignored="0" failures="0" timestamp="14 Nov 2017 05:12:07 GMT" skipped="0" hostname="C3DES396" errors="0">
  <testcase name="TC_08_verifylogin" time="61.890" classname="CF_Install_Orders.TC_08_Install_CF_with_2Gbits"/>
  <testcase name="TC_08_CF_ProductBasketConfiguration_with_2Gbits" time="26.340" classname="CF_Install_Orders.TC_08_Install_CF_with_2Gbits"/>
  <testcase name="TC_08_CF_Validate_Order" time="57.746" classname="CF_Install_Orders.TC_08_Install_CF_with_2Gbits"/>
  <testcase name="TC_08_Opportunityconversion" time="19.526" classname="CF_Install_Orders.TC_08_Install_CF_with_2Gbits"/>
  <testcase name="TC_08_CF_Billing_Account_Assignment" time="8.202" classname="CF_Install_Orders.TC_08_Install_CF_with_2Gbits"/>
  <testcase name="TC_08_CF_ProductBasketAddition" time="41.168" classname="CF_Install_Orders.TC_08_Install_CF_with_2Gbits"/>
  <testcase name="TC_08_CF_Product_Basket_Upload" time="8.150" classname="CF_Install_Orders.TC_08_Install_CF_with_2Gbits"/>
  <testcase name="TC_08_NewLeadCreation" time="23.682" classname="CF_Install_Orders.TC_08_Install_CF_with_2Gbits"/>
  <testcase name="TC_08_CF_Installation_Information_Configuration" time="14.293" classname="CF_Install_Orders.TC_08_Install_CF_with_2Gbits"/>
  <testcase name="TC_08_CF_SubOrders_Validation_And_Closure" time="324.017" classname="CF_Install_Orders.TC_08_Install_CF_with_2Gbits"/>
  <testcase name="TC_08_AddressValidation" time="7.590" classname="CF_Install_Orders.TC_08_Install_CF_with_2Gbits"/>
</testsuite> <!-- CF_Install_Orders.TC_08_Install_CF_with_2Gbits -->
