<?xml version="1.0" encoding="UTF-8"?>
<!-- Generated by org.testng.reporters.JUnitReportReporter -->
<testsuite name="CV_Install_Orders.TC_18_CV_Install_order" tests="13" time="703.549" ignored="0" failures="0" timestamp="14 Nov 2017 05:12:07 GMT" skipped="0" hostname="C3DES396" errors="0">
  <testcase name="TC_18_ProductBasketConfiguration_CV" time="98.744" classname="CV_Install_Orders.TC_18_CV_Install_order"/>
  <testcase name="TC_18_AddressValidation" time="5.080" classname="CV_Install_Orders.TC_18_CV_Install_order"/>
  <testcase name="TC_18_ProductBasketAddition_CV" time="38.402" classname="CV_Install_Orders.TC_18_CV_Install_order"/>
  <testcase name="TC_18_verifylogin" time="59.295" classname="CV_Install_Orders.TC_18_CV_Install_order"/>
  <testcase name="TC_18_Opportunityconversion" time="22.206" classname="CV_Install_Orders.TC_18_CV_Install_order"/>
  <testcase name="TC_18_Product_Basket_Upload" time="8.219" classname="CV_Install_Orders.TC_18_CV_Install_order"/>
  <testcase name="TC_18_Installation_Information_Configuration" time="14.304" classname="CV_Install_Orders.TC_18_CV_Install_order"/>
  <testcase name="TC_18_Billing_Account_Assignment" time="8.155" classname="CV_Install_Orders.TC_18_CV_Install_order"/>
  <testcase name="TC_18_ProductBasketConfiguration_CF" time="36.561" classname="CV_Install_Orders.TC_18_CV_Install_order"/>
  <testcase name="TC_18_CF_Validate_Order" time="59.962" classname="CV_Install_Orders.TC_18_CV_Install_order"/>
  <testcase name="TC_18_ProductBasketAddition_CF" time="40.462" classname="CV_Install_Orders.TC_18_CV_Install_order"/>
  <testcase name="TC_18_NewLeadCreation" time="26.013" classname="CV_Install_Orders.TC_18_CV_Install_order"/>
  <testcase name="TC_18_CF_SubOrders_Validation_And_Closure" time="286.146" classname="CV_Install_Orders.TC_18_CV_Install_order"/>
</testsuite> <!-- CV_Install_Orders.TC_18_CV_Install_order -->
