<?xml version="1.0" encoding="UTF-8"?>
<!-- Generated by org.testng.reporters.JUnitReportReporter -->
<testsuite name="com.test.automation.OM_Automation.E2E_orders.SC_02_CV_product" tests="8" time="284.900" ignored="0" failures="0" timestamp="05 Oct 2017 04:41:18 GMT" skipped="0" hostname="C4DES048" errors="0">
  <testcase name="verifylogin" time="2.833" classname="com.test.automation.OM_Automation.E2E_orders.SC_02_CV_product"/>
  <testcase name="ProductBasketAddition_CV" time="19.950" classname="com.test.automation.OM_Automation.E2E_orders.SC_02_CV_product"/>
  <testcase name="Opportunityconversion" time="21.178" classname="com.test.automation.OM_Automation.E2E_orders.SC_02_CV_product"/>
  <testcase name="NewLeadCreation" time="95.705" classname="com.test.automation.OM_Automation.E2E_orders.SC_02_CV_product"/>
  <testcase name="ProductBasketAddition_CF" time="34.813" classname="com.test.automation.OM_Automation.E2E_orders.SC_02_CV_product"/>
  <testcase name="ProductBasketConfiguration_CV" time="80.057" classname="com.test.automation.OM_Automation.E2E_orders.SC_02_CV_product"/>
  <testcase name="ProductBasketConfiguration_CF" time="28.172" classname="com.test.automation.OM_Automation.E2E_orders.SC_02_CV_product"/>
  <testcase name="AddressValidation" time="2.192" classname="com.test.automation.OM_Automation.E2E_orders.SC_02_CV_product"/>
</testsuite> <!-- com.test.automation.OM_Automation.E2E_orders.SC_02_CV_product -->
