<?xml version="1.0" encoding="UTF-8"?>
<!-- Generated by org.testng.reporters.JUnitReportReporter -->
<testsuite name="OI_And_Phone_Install_Orders.TC_23_Install_OI_with_P_50" tests="11" time="604.622" ignored="0" failures="0" timestamp="14 Nov 2017 05:12:07 GMT" skipped="0" hostname="C3DES396" errors="0">
  <testcase name="TC_23_OI_Phone_ProductBasketConfiguration_with_OI50" time="62.580" classname="OI_And_Phone_Install_Orders.TC_23_Install_OI_with_P_50"/>
  <testcase name="TC_23_Opportunityconversion" time="19.663" classname="OI_And_Phone_Install_Orders.TC_23_Install_OI_with_P_50"/>
  <testcase name="TC_23_OI_Phone_Installation_Information_Configuration" time="14.277" classname="OI_And_Phone_Install_Orders.TC_23_Install_OI_with_P_50"/>
  <testcase name="TC_23_verifylogin" time="60.282" classname="OI_And_Phone_Install_Orders.TC_23_Install_OI_with_P_50"/>
  <testcase name="TC_23_NewLeadCreation" time="28.715" classname="OI_And_Phone_Install_Orders.TC_23_Install_OI_with_P_50"/>
  <testcase name="TC_23_OI_Phone_Validate_Order" time="57.682" classname="OI_And_Phone_Install_Orders.TC_23_Install_OI_with_P_50"/>
  <testcase name="TC_23_OI_Phone_ProductBasketAddition" time="43.056" classname="OI_And_Phone_Install_Orders.TC_23_Install_OI_with_P_50"/>
  <testcase name="TC_23_OI_Phone_Product_Basket_Upload" time="8.147" classname="OI_And_Phone_Install_Orders.TC_23_Install_OI_with_P_50"/>
  <testcase name="TC_23_OI_Phone_Billing_Account_Assignment" time="8.192" classname="OI_And_Phone_Install_Orders.TC_23_Install_OI_with_P_50"/>
  <testcase name="TC_23_OI_Phone_SubOrders_Validation_And_Closure" time="296.500" classname="OI_And_Phone_Install_Orders.TC_23_Install_OI_with_P_50"/>
  <testcase name="TC_23_AddressValidation" time="5.528" classname="OI_And_Phone_Install_Orders.TC_23_Install_OI_with_P_50"/>
</testsuite> <!-- OI_And_Phone_Install_Orders.TC_23_Install_OI_with_P_50 -->
