<?xml version="1.0" encoding="UTF-8"?>
<!-- Generated by org.testng.reporters.JUnitReportReporter -->
<testsuite name="OI_And_Phone_Install_Orders.TC_26_Install_OI_with_P_400" tests="11" time="632.189" ignored="0" failures="0" timestamp="14 Nov 2017 05:12:07 GMT" skipped="0" hostname="C3DES396" errors="0">
  <testcase name="TC_26_Opportunityconversion" time="16.888" classname="OI_And_Phone_Install_Orders.TC_26_Install_OI_with_P_400"/>
  <testcase name="TC_26_OI_Phone_Product_Basket_Upload" time="8.170" classname="OI_And_Phone_Install_Orders.TC_26_Install_OI_with_P_400"/>
  <testcase name="TC_26_OI_Phone_Billing_Account_Assignment" time="8.062" classname="OI_And_Phone_Install_Orders.TC_26_Install_OI_with_P_400"/>
  <testcase name="TC_26_verifylogin" time="19.035" classname="OI_And_Phone_Install_Orders.TC_26_Install_OI_with_P_400"/>
  <testcase name="TC_26_OI_Phone_ProductBasketConfiguration_with_OI50" time="58.835" classname="OI_And_Phone_Install_Orders.TC_26_Install_OI_with_P_400"/>
  <testcase name="TC_26_OI_Phone_ProductBasketAddition" time="39.513" classname="OI_And_Phone_Install_Orders.TC_26_Install_OI_with_P_400"/>
  <testcase name="TC_26_OI_Phone_Validate_Order" time="60.286" classname="OI_And_Phone_Install_Orders.TC_26_Install_OI_with_P_400"/>
  <testcase name="TC_26_NewLeadCreation" time="78.192" classname="OI_And_Phone_Install_Orders.TC_26_Install_OI_with_P_400"/>
  <testcase name="TC_26_OI_Phone_Installation_Information_Configuration" time="14.284" classname="OI_And_Phone_Install_Orders.TC_26_Install_OI_with_P_400"/>
  <testcase name="TC_26_AddressValidation" time="4.891" classname="OI_And_Phone_Install_Orders.TC_26_Install_OI_with_P_400"/>
  <testcase name="TC_26_OI_Phone_SubOrders_Validation_And_Closure" time="324.033" classname="OI_And_Phone_Install_Orders.TC_26_Install_OI_with_P_400"/>
</testsuite> <!-- OI_And_Phone_Install_Orders.TC_26_Install_OI_with_P_400 -->
