<?xml version="1.0" encoding="UTF-8"?>
<!-- Generated by org.testng.reporters.JUnitReportReporter -->
<testsuite name="CF_Install_Orders.TC_14_Install_CF_with_7Gbits" tests="11" time="591.955" ignored="0" failures="0" timestamp="14 Nov 2017 05:12:07 GMT" skipped="0" hostname="C3DES396" errors="0">
  <testcase name="TC_14_AddressValidation" time="5.042" classname="CF_Install_Orders.TC_14_Install_CF_with_7Gbits"/>
  <testcase name="TC_14_CF_ProductBasketConfiguration_with_7Gbits" time="26.594" classname="CF_Install_Orders.TC_14_Install_CF_with_7Gbits"/>
  <testcase name="TC_14_NewLeadCreation" time="21.840" classname="CF_Install_Orders.TC_14_Install_CF_with_7Gbits"/>
  <testcase name="TC_14_verifylogin" time="60.417" classname="CF_Install_Orders.TC_14_Install_CF_with_7Gbits"/>
  <testcase name="TC_14_CF_Installation_Information_Configuration" time="14.144" classname="CF_Install_Orders.TC_14_Install_CF_with_7Gbits"/>
  <testcase name="TC_14_CF_Validate_Order" time="60.159" classname="CF_Install_Orders.TC_14_Install_CF_with_7Gbits"/>
  <testcase name="TC_14_CF_Product_Basket_Upload" time="8.126" classname="CF_Install_Orders.TC_14_Install_CF_with_7Gbits"/>
  <testcase name="TC_14_Opportunityconversion" time="20.683" classname="CF_Install_Orders.TC_14_Install_CF_with_7Gbits"/>
  <testcase name="TC_14_CF_ProductBasketAddition" time="43.499" classname="CF_Install_Orders.TC_14_Install_CF_with_7Gbits"/>
  <testcase name="TC_14_CF_SubOrders_Validation_And_Closure" time="323.271" classname="CF_Install_Orders.TC_14_Install_CF_with_7Gbits"/>
  <testcase name="TC_14_CF_Billing_Account_Assignment" time="8.180" classname="CF_Install_Orders.TC_14_Install_CF_with_7Gbits"/>
</testsuite> <!-- CF_Install_Orders.TC_14_Install_CF_with_7Gbits -->
