<?xml version="1.0" encoding="UTF-8"?>
<!-- Generated by org.testng.reporters.JUnitReportReporter -->
<testsuite name="OI_And_Phone_Install_Orders.TC_24_Install_OI_with_P_150" tests="11" time="627.346" ignored="0" failures="0" timestamp="14 Nov 2017 05:12:07 GMT" skipped="0" hostname="C3DES396" errors="0">
  <testcase name="TC_24_OI_Phone_Validate_Order" time="58.984" classname="OI_And_Phone_Install_Orders.TC_24_Install_OI_with_P_150"/>
  <testcase name="TC_24_OI_Phone_Installation_Information_Configuration" time="14.296" classname="OI_And_Phone_Install_Orders.TC_24_Install_OI_with_P_150"/>
  <testcase name="TC_24_OI_Phone_Billing_Account_Assignment" time="9.374" classname="OI_And_Phone_Install_Orders.TC_24_Install_OI_with_P_150"/>
  <testcase name="TC_24_OI_Phone_SubOrders_Validation_And_Closure" time="277.494" classname="OI_And_Phone_Install_Orders.TC_24_Install_OI_with_P_150"/>
  <testcase name="TC_24_OI_Phone_ProductBasketConfiguration_with_OI50" time="60.096" classname="OI_And_Phone_Install_Orders.TC_24_Install_OI_with_P_150"/>
  <testcase name="TC_24_NewLeadCreation" time="82.428" classname="OI_And_Phone_Install_Orders.TC_24_Install_OI_with_P_150"/>
  <testcase name="TC_24_OI_Phone_Product_Basket_Upload" time="8.138" classname="OI_And_Phone_Install_Orders.TC_24_Install_OI_with_P_150"/>
  <testcase name="TC_24_Opportunityconversion" time="52.897" classname="OI_And_Phone_Install_Orders.TC_24_Install_OI_with_P_150"/>
  <testcase name="TC_24_OI_Phone_ProductBasketAddition" time="39.179" classname="OI_And_Phone_Install_Orders.TC_24_Install_OI_with_P_150"/>
  <testcase name="TC_24_verifylogin" time="19.327" classname="OI_And_Phone_Install_Orders.TC_24_Install_OI_with_P_150"/>
  <testcase name="TC_24_AddressValidation" time="5.133" classname="OI_And_Phone_Install_Orders.TC_24_Install_OI_with_P_150"/>
</testsuite> <!-- OI_And_Phone_Install_Orders.TC_24_Install_OI_with_P_150 -->
