<?xml version="1.0" encoding="UTF-8"?>
<!-- Generated by org.testng.reporters.JUnitReportReporter -->
<testsuite name="CF_Install_Orders.TC_04_Install_CF_with_300Mbits" tests="11" time="592.677" ignored="0" failures="0" timestamp="14 Nov 2017 05:12:07 GMT" skipped="0" hostname="C3DES396" errors="0">
  <testcase name="TC_04_AddressValidation" time="6.606" classname="CF_Install_Orders.TC_04_Install_CF_with_300Mbits"/>
  <testcase name="TC_04_CF_Billing_Account_Assignment" time="8.009" classname="CF_Install_Orders.TC_04_Install_CF_with_300Mbits"/>
  <testcase name="TC_04_CF_SubOrders_Validation_And_Closure" time="324.084" classname="CF_Install_Orders.TC_04_Install_CF_with_300Mbits"/>
  <testcase name="TC_04_verifylogin" time="63.460" classname="CF_Install_Orders.TC_04_Install_CF_with_300Mbits"/>
  <testcase name="TC_04_CF_ProductBasketAddition" time="41.026" classname="CF_Install_Orders.TC_04_Install_CF_with_300Mbits"/>
  <testcase name="TC_04_CF_ProductBasketConfiguration_with_300Mbits" time="26.534" classname="CF_Install_Orders.TC_04_Install_CF_with_300Mbits"/>
  <testcase name="TC_04_CF_Product_Basket_Upload" time="8.138" classname="CF_Install_Orders.TC_04_Install_CF_with_300Mbits"/>
  <testcase name="TC_04_NewLeadCreation" time="24.145" classname="CF_Install_Orders.TC_04_Install_CF_with_300Mbits"/>
  <testcase name="TC_04_CF_Validate_Order" time="59.355" classname="CF_Install_Orders.TC_04_Install_CF_with_300Mbits"/>
  <testcase name="TC_04_CF_Installation_Information_Configuration" time="14.365" classname="CF_Install_Orders.TC_04_Install_CF_with_300Mbits"/>
  <testcase name="TC_04_Opportunityconversion" time="16.955" classname="CF_Install_Orders.TC_04_Install_CF_with_300Mbits"/>
</testsuite> <!-- CF_Install_Orders.TC_04_Install_CF_with_300Mbits -->
